$ vite build
vite v7.3.1 building client environment for production...
transforming...
✓ 35 modules transformed.
rendering chunks...
computing gzip size...
../../../static/js/login.js   1.60 kB │ gzip:  0.75 kB
../../../static/js/tasks.js   4.88 kB │ gzip:  1.88 kB
../../../static/js/board.js  40.72 kB │ gzip: 14.03 kB
✓ built in 209ms

PWA v1.2.0
Building src/sw/sw.ts service worker ("es" format)...
vite v7.3.1 building client environment for production...
transforming...
✓ 67 modules transformed.
rendering chunks...
computing gzip size...
../../../static/js/sw.mjs  17.49 kB │ gzip: 5.79 kB
✓ built in 718ms

PWA v1.2.0
mode      injectManifest
format:   es
precache  3 entries (46.09 KiB)
files generated
  ../../../static/js/sw.js
